2024-04-26 14:34:11,330 INFO App LEGO status app starting up
2024-04-26 14:34:11,330 INFO comm.ConnectionFactory connecting to hub using serial device: auto
2024-04-26 14:34:11,473 INFO comm.ConnectionMonitor Starting USB autoconnect detection loop
2024-04-26 14:34:11,480 INFO comm.HubClient Connecting to hub using /dev/ttyACM0
2024-04-26 14:34:11,480 INFO root Connection state change ConnectionState.DISCONNECTED --> ConnectionState.CONNECTING
2024-04-26 14:34:11,481 INFO comm.SerialConnection begin monitoring loop on device /dev/ttyACM0
2024-04-26 14:34:11,488 INFO comm.HubClient CONNECTING: 1, 0]], [46, [0, 0, -2, 0]], [11, 16, 983], [0, 0, 0], [-147, 1, 0], "", 0]}
2024-04-26 14:34:11,488 DEBUG comm.SerialConnection RECV:  1, 0]], [46, [0, 0, -2, 0]], [11, 16, 983], [0, 0, 0], [-147, 1, 0], "", 0]}
2024-04-26 14:34:11,488 INFO root Connection state change ConnectionState.CONNECTING --> ConnectionState.TELEMETRY
2024-04-26 14:34:11,488 DEBUG comm.SerialConnection RECV: {"m":0,"p":[[46, [0, 1, 0, 0]], [46, [0, 0, 3, 0]], [46, [0, 0, -1, 0]], [46, [0, 0, -4, 0]], [46, [0, 0, 1, 0]], [46, [0, 0, -2, 0]], [10, 17, 984], [0, 0, 0], [-147, 0, 0], "", 0]}
2024-04-26 14:34:11,489 DEBUG comm.SerialConnection RECV: {"m":0,"p":[[46, [0, 1, 0, 0]], [46, [0, 0, 3, 0]], [46, [0, 0, -1, 0]], [46, [0, 0, -5, 0]], [46, [0, 0, 1, 0]], [46, [0, 0, -2, 0]], [10, 17, 983], [0, 0, 0], [-147, 0, 0], "", 0]}
2024-04-26 14:34:11,489 DEBUG comm.SerialConnection RECV: {"m":0,"p":[[46, [0, 1, -1, 0]], [46, [0, 0, 3, 0]], [46, [0, 0, -1, 0]], [46, [0, 0, -5, 0]], [46, [0, 0, 1, 0]], [46, [0, 0, -2, 0]], [10, 17, 984], [0, 0, 0], [-147, 0, 0], "", 0]}
2024-04-26 14:34:11,489 DEBUG comm.SerialConnection RECV: {"m":0,"p":[[46, [0, 1, 0, 0]], [46, [0, 0, 3, 0]], [46, [0, 0, -1, 0]], [46, [0, 0, -5, 0]], [46, [0, 0, 1, 0]], [46, [0, 0, -2, 0]], [10, 16, 984], [0, 0, 0], [-147, 0, 0], "", 0]}
2024-04-26 14:34:11,489 DEBUG comm.SerialConnection RECV: {"m":2,"p":[7.356, 60, true]}
2024-04-26 14:34:11,523 DEBUG comm.SerialConnection RECV: {"m":0,"p":[[46, [0, 1, 0, 0]], [46, [0, 0, 3, 0]], [46, [0, 0, -1, 0]], [46, [0, 0, -5, 0]], [46, [0, 0, 1, 0]], [46, [0, 0, -2, 0]], [11, 17, 985], [0, 0, 0], [-147, 1, 0], "", 0]}
2024-04-26 14:34:11,526 DEBUG comm.SerialConnection RECV: {"m":0,"p":[[46, [0, 1, 0, 0]], [46, [0, 0, 3, 0]], [46, [0, 0, -1, 0]], [46, [0, 0, -4, 0]], [46, [0, 0, 1, 0]], [46, [0, 0, -2, 0]], [9, 15, 983], [0, 0, 0], [-147, 0, 0], "", 0]}
2024-04-26 14:34:11,574 DEBUG comm.SerialConnection RECV: {"m":0,"p":[[46, [0, 1, 0, 0]], [46, [0, 0, 3, 0]], [46, [0, 0, -1, 0]], [46, [0, 0, -4, 0]], [46, [0, 0, 1, 0]], [46, [0, 0, -2, 0]], [10, 17, 982], [0, 0, 0], [-147, 0, 0], "", 0]}
2024-04-26 14:34:11,622 DEBUG comm.SerialConnection RECV: {"m":0,"p":[[46, [0, 1, 0, 0]], [46, [0, 0, 3, 0]], [46, [0, 0, -1, 0]], [46, [0, 0, -4, 0]], [46, [0, 0, 1, 0]], [46, [0, 0, -2, 0]], [10, 15, 983], [0, 0, 0], [-147, 0, 0], "", 0]}
2024-04-26 14:37:01,502 WARNING comm.HubClient failed to decode JSON message: {m":0,"p":[[46, [0, -2,-4, 0]], [46, [0, 0, 3, 0]], [46, [0, 0, -1, 0]], [46, [0, 0, -4, 0]], [46, [0, 0, 1, 0]], [46, [0, 0, -2, 0]], [7, 15, 982], [2, 0, 0], [126, 0, 0], "", 0]}
2024-04-26 14:46:26,720 INFO App LEGO status app starting up
2024-04-26 14:46:26,720 INFO comm.ConnectionFactory connecting to hub using serial device: auto
2024-04-26 14:46:40,356 INFO App LEGO status app starting up
2024-04-26 14:46:40,357 INFO comm.ConnectionFactory connecting to hub using serial device: auto
2024-04-26 14:46:40,492 INFO comm.ConnectionMonitor Starting USB autoconnect detection loop
2024-04-26 14:46:40,502 INFO comm.HubClient Connecting to hub using /dev/ttyACM0
2024-04-26 14:46:40,502 INFO root Connection state change ConnectionState.DISCONNECTED --> ConnectionState.CONNECTING
2024-04-26 14:46:40,504 INFO comm.SerialConnection begin monitoring loop on device /dev/ttyACM0
2024-04-26 14:46:40,511 INFO comm.HubClient CONNECTING: , -1, 0]], [46, [0, 0, -5, 0]], [46, [0, 3, 1, 0]], [46, [0, 0, -2, 0]], [9, 16, 984], [0, 0, 0], [71, 0, 0], "", 0]}
2024-04-26 14:46:40,512 DEBUG comm.SerialConnection RECV: , -1, 0]], [46, [0, 0, -5, 0]], [46, [0, 3, 1, 0]], [46, [0, 0, -2, 0]], [9, 16, 984], [0, 0, 0], [71, 0, 0], "", 0]}
2024-04-26 14:46:40,512 INFO root Connection state change ConnectionState.CONNECTING --> ConnectionState.TELEMETRY
2024-04-26 14:46:40,512 DEBUG comm.SerialConnection RECV: {"m":0,"p":[[46, [0, 1, -1, 0]], [46, [0, 1, 3, 0]], [46, [0, 0, -1, 0]], [46, [0, 0, -5, 0]], [46, [0, 3, 1, 0]], [46, [0, 0, -2, 0]], [9, 16, 981], [0, 0, 0], [71, 0, 0], "", 0]}
2024-04-26 14:46:40,525 DEBUG comm.SerialConnection RECV: {"m":0,"p":[[46, [0, 1, -1, 0]], [46, [0, 1, 3, 0]], [46, [0, 0, -1, 0]], [46, [0, 0, -5, 0]], [46, [0, 3, 1, 0]], [46, [0, 0, -2, 0]], [9, 17, 983], [0, 0, 0], [71, 0, 0], "", 0]}
2024-04-26 14:46:40,526 DEBUG comm.SerialConnection RECV: {"m":0,"p":[[46, [0, 1, -1, 0]], [46, [0, 1, 3, 0]], [46, [0, 0, -1, 0]], [46, [0, 0, -5, 0]], [46, [0, 3, 1, 0]], [46, [0, 0, -2, 0]], [10, 16, 983], [0, 0, 0], [71, 0, 0], "", 0]}
2024-04-26 14:46:40,526 DEBUG comm.SerialConnection RECV: {"m":0,"p":[[46, [0, 1, -1, 0]], [46, [0, 1, 3, 0]], [46, [0, 0, -1, 0]], [46, [0, 0, -5, 0]], [46, [0, 3, 1, 0]], [46, [0, 0, -2, 0]], [10, 17, 982], [0, 0, 0], [71, 1, 0], "", 0]}
2024-04-26 14:46:40,526 DEBUG comm.SerialConnection RECV: {"m":0,"p":[[46, [0, 1, 0, 0]], [46, [0, 1, 3, 0]], [46, [0, 0, -1, 0]], [46, [0, 0, -5, 0]], [46, [0, 3, 1, 0]], [46, [0, 0, -2, 0]], [9, 18, 983], [0, 0, 0], [71, 1, 0], "", 0]}
2024-04-26 14:46:40,529 DEBUG comm.SerialConnection RECV: {"m":0,"p":[[46, [0, 1, 0, 0]], [46, [0, 1, 3, 0]], [46, [0, 0, -1, 0]], [46, [0, 0, -5, 0]], [46, [0, 3, 1, 0]], [46, [0, 0, -2, 0]], [9, 16, 983], [0, 0, 0], [71, 0, 0], "", 0]}
2024-04-26 14:46:40,576 DEBUG comm.SerialConnection RECV: {"m":0,"p":[[46, [0, 1, -1, 0]], [46, [0, 1, 3, 0]], [46, [0, 0, -1, 0]], [46, [0, 0, -5, 0]], [46, [0, 3, 1, 0]], [46, [0, 0, -2, 0]], [9, 16, 981], [0, 0, 0], [71, 1, 0], "", 0]}
2024-04-26 14:46:40,625 DEBUG comm.SerialConnection RECV: {"m":0,"p":[[46, [0, 1, 0, 0]], [46, [0, 1, 3, 0]], [46, [0, 0, -1, 0]], [46, [0, 0, -5, 0]], [46, [0, 3, 1, 0]], [46, [0, 0, -2, 0]], [8, 17, 982], [0, 0, 0], [71, 1, 0], "", 0]}
2024-04-26 14:46:40,672 DEBUG comm.SerialConnection RECV: {"m":0,"p":[[46, [0, 1, -1, 0]], [46, [0, 1, 3, 0]], [46, [0, 0, -1, 0]], [46, [0, 0, -5, 0]], [46, [0, 3, 1, 0]], [46, [0, 0, -2, 0]], [8, 17, 983], [0, 0, 0], [71, 1, 0], "", 0]}
2024-04-26 14:48:10,581 WARNING comm.HubClient failed to decode JSON message: {"m":0,"p":[[46, [0, 1, 0, 0]], [46, [0, 1 3, 0]],[46, [0, 0, -1, 0]], [46, [0, 0, -5, 0]], [46, [0, 3, 1, 0]], [46, [0, 0, -2, 0]], [10, 18, 984], [0, 0, 0], [71, 0, 0], "", 0]}
2024-04-26 14:49:00,359 INFO comm.HubClient received non-JSON: "46, [0, 1, 3, 0]], [46, [0, 0, -1, 0]], [46, [0, 0, -5, 0]], [46, [0, 3, 1, 0]], [46, [0, 0, -2, 0]], [10, 17, 983], [0, 0, 0], [71, 0, 0], "", 0]}
2024-04-26 14:52:37,255 INFO App LEGO status app starting up
2024-04-26 14:52:37,255 INFO comm.ConnectionFactory connecting to hub using serial device: auto
2024-04-26 14:52:37,388 INFO comm.ConnectionMonitor Starting USB autoconnect detection loop
2024-04-26 14:52:37,396 INFO comm.HubClient Connecting to hub using /dev/ttyACM0
2024-04-26 14:52:37,396 INFO root Connection state change ConnectionState.DISCONNECTED --> ConnectionState.CONNECTING
2024-04-26 14:52:37,397 INFO comm.SerialConnection begin monitoring loop on device /dev/ttyACM0
2024-04-26 14:52:37,404 INFO comm.HubClient CONNECTING: , -1, 0]], [46, [0, 0, -5, 0]], [46, [0, 3, 1, 0]], [46, [0, 0, -2, 0]], [10, 17, 983], [0, 0, 0], [71, 0, 0], "", 0]}
2024-04-26 14:52:37,404 DEBUG comm.SerialConnection RECV: , -1, 0]], [46, [0, 0, -5, 0]], [46, [0, 3, 1, 0]], [46, [0, 0, -2, 0]], [10, 17, 983], [0, 0, 0], [71, 0, 0], "", 0]}
2024-04-26 14:52:37,405 INFO root Connection state change ConnectionState.CONNECTING --> ConnectionState.TELEMETRY
2024-04-26 14:52:37,405 DEBUG comm.SerialConnection RECV: {"m":0,"p":[[46, [0, 1, -1, 0]], [46, [0, 1, 3, 0]], [46, [0, 0, -1, 0]], [46, [0, 0, -5, 0]], [46, [0, 3, 1, 0]], [46, [0, 0, -2, 0]], [10, 16, 983], [0, 0, 0], [71, 1, 0], "", 0]}
2024-04-26 14:52:37,406 DEBUG comm.SerialConnection RECV: {"m":0,"p":[[46, [0, 1, -1, 0]], [46, [0, 1, 3, 0]], [46, [0, 0, -1, 0]], [46, [0, 0, -5, 0]], [46, [0, 3, 1, 0]], [46, [0, 0, -2, 0]], [8, 15, 982], [0, 0, 0], [71, 1, 0], "", 0]}
2024-04-26 14:52:37,407 DEBUG comm.SerialConnection RECV: {"m":0,"p":[[46, [0, 1, -1, 0]], [46, [0, 1, 3, 0]], [46, [0, 0, -1, 0]], [46, [0, 0, -5, 0]], [46, [0, 3, 1, 0]], [46, [0, 0, -2, 0]], [10, 16, 983], [0, 0, 0], [71, 0, 0], "", 0]}
2024-04-26 14:52:37,407 DEBUG comm.SerialConnection RECV: {"m":0,"p":[[46, [0, 1, 0, 0]], [46, [0, 1, 3, 0]], [46, [0, 0, -1, 0]], [46, [0, 0, -5, 0]], [46, [0, 3, 1, 0]], [46, [0, 0, -2, 0]], [9, 16, 983], [0, 0, 0], [71, 1, 0], "", 0]}
2024-04-26 14:52:37,407 DEBUG comm.SerialConnection RECV: {"m":0,"p":[[46, [0, 1, 0, 0]], [46, [0, 1, 3, 0]], [46, [0, 0, -1, 0]], [46, [0, 0, -5, 0]], [46, [0, 3, 1, 0]], [46, [0, 0, -2, 0]], [9, 16, 983], [0, 0, 0], [71, 0, 0], "", 0]}
2024-04-26 14:52:37,409 DEBUG comm.SerialConnection RECV: {"m":0,"p":[[46, [0, 1, -1, 0]], [46, [0, 1, 3, 0]], [46, [0, 0, -1, 0]], [46, [0, 0, -5, 0]], [46, [0, 3, 1, 0]], [46, [0, 0, -2, 0]], [10, 16, 984], [0, 0, 0], [71, 1, 0], "", 0]}
2024-04-26 14:52:37,411 DEBUG comm.SerialConnection RECV: {"m":2,"p":[7.363, 60, true]}
2024-04-26 14:52:37,457 DEBUG comm.SerialConnection RECV: {"m":0,"p":[[46, [0, 1, 0, 0]], [46, [0, 1, 3, 0]], [46, [0, 0, -1, 0]], [46, [0, 0, -5, 0]], [46, [0, 3, 1, 0]], [46, [0, 0, -2, 0]], [9, 16, 984], [0, 0, 0], [71, 0, 0], "", 0]}
2024-04-26 14:52:37,505 DEBUG comm.SerialConnection RECV: {"m":0,"p":[[46, [0, 1, 0, 0]], [46, [0, 1, 3, 0]], [46, [0, 0, -1, 0]], [46, [0, 0, -5, 0]], [46, [0, 3, 1, 0]], [46, [0, 0, -2, 0]], [8, 16, 983], [0, 0, 0], [71, 0, 0], "", 0]}
